
	
	
  <!doctype html>
  <html><head>
    <meta http-equiv="X-UA-Compatible" content="IE=9; IE=8; IE=7; IE=EDGE" />
    <meta charset="utf-8" />
    <title>Gauge Test Results</title>
    <link rel="shortcut icon" type="image/x-icon" href="../images/favicon.ico">
    <link rel="stylesheet" type="text/css" href="../css/open-sans.css">
    <link rel="stylesheet" type="text/css" href="../css/font-awesome.css">
    <link rel="stylesheet" type="text/css" href="../css/normalize.css" />
    <link rel="stylesheet" type="text/css" href="../css/style.css" />
  </head>
  <body>
  <header class="top">
    <div class="header">
      <div class="container">
        <div class="logo">
          <a href=".."><img src="../images/gaugeLogo.png" alt="Report logo"></a>
        </div>
        <h2 class="project">Project: TestOtomasyon</h2>
      </div>
    </div>
  </header>
  <main class="main-container">
  <div class="container">

	
  <div class="report-overview">
   
  <div class="report_chart">
    <div class="chart">
      <svg id="pie-chart" data-results="1,0,0" data-total="1">
        <path class="status failed" />
        <path class="shadow failed" data-status="failed"><title>Failed: 1/1</title></path>
        <path class="status passed" />
        <path class="shadow passed" data-status="passed"><title>Passed: 0/1</title></path>
        <path class="status skipped" />
        <path class="shadow skipped" data-status="skipped"><title>Skipped: 0/1</title></path>
      </svg>
    </div>
  </div>

   
  <div class="report_test-results">
    <div class="report_test-result specs">
        <div class="total-specs" title="Filter all specs"><span class="txt">Total specs</span><span class="value">1</span></div>
        <div class="fail spec-filter" data-status="failed" title="Filter failed specs"><span class="value">1</span></div>
        <div class="pass spec-filter" data-status="passed" title="Filter passed specs"><span class="value">0</span></div>
        <div class="skip spec-filter" data-status="skipped" title="Filter skipped specs"><span class="value">0</span></div>
    </div>
    <div class="report_test-result scenarios">
        <div class="total-scenarios"><span class="txt">Total scenario</span><span class="value">1</span></div>
        <div class="fail scenario-stats" data-status="failed"><span class="value">1</span></div>
        <div class="pass scenario-stats" data-status="passed"><span class="value">0</span></div>
        <div class="skip scenario-stats" data-status="skipped"><span class="value">0</span></div>
    </div>
  </div>

    <div class="report_details">
      
  <ul>
    <li>
      <label>Environment </label>
      <span>default</span>
    </li>
    
    <li>
      <label>Success Rate </label>
      <span>0%</span>
    </li>
    <li>
      <label>Total Time </label>
      <span>00:00:28</span>
    </li>
    <li>
      <label>Generated On </label>
      <span>Aug 25, 2025 at 7:28pm</span>
    </li>
  </ul>

      
  

      
  
  


    </div>
  </div>


	

	

	
		<div class="specifications">
		
  
    <aside class="sidebar">
      <h3 class="title">Specifications</h3>
      <div class="searchbar">
        <input id="searchSpecifications" placeholder="Type specification or tag name" type="text" />
        <i class="fa fa-search"></i>
      </div>
      <div class="specs-sorting">
        <div class="sort sort-specs-name" data-sort-by="specs-name"><span class="sort-icons"><i class="fa fa-caret-up"></i><i class="fa fa-caret-down"></i></span><span>Name</span></div>
        <div class="sort sort-execution-time" data-sort-by="execution-time"><span class="sort-icons"><i class="fa fa-caret-up"></i><i class="fa fa-caret-down"></i></span><span>Execution time</span></div>
      </div>
      <div id="listOfSpecifications">
        <ul id="scenarios" class="spec-list">
        
          <a href="example.html">
            
              <li class="failed spec-name">
            
              <span id="scenarioName" class="scenarioname">Örnek Spec</span>
              <span id="time" class="time">00:00:27</span>
            </li>
          </a>
          
        </ul>
      </div>
    </aside>
  

		
  
	
  <div id="specificationContainer" class="details">
    <header class="curr-spec">
      <div class="spec-head-wrapper">
        <h3 class="spec-head" title="C:\Desktop\Test-Otomasyon\TestOtomasyon\specs\example.spec">Örnek Spec</h3>
        <div class="hidden report_test-results" alt="Scenarios" title="Scenarios">
          <ul>
            <li class="fail"><span class="value">1</span><span class="txt">Failed</span></li>
            <li class="pass"><span class="value">0</span><span class="txt">Passed</span></li>
            <li class="skip"><span class="value">0</span><span class="txt">Skipped</span></li>
          </ul>
        </div>
      </div>
      <div class="spec-meta">
        <div class="spec-filename">
          <label for="specFileName">File Path</label>
          <input id="specFileName" value="C:\Desktop\Test-Otomasyon\TestOtomasyon\specs\example.spec" readonly/>
          <button class="clipboard-btn" data-clipboard-target="#specFileName" title="Copy to Clipboard">
              <i class="fa fa-clipboard" aria-hidden="true" title="Copy to Clipboard"></i>
          </button>
        </div>
        <span class="time">00:00:27</span>
      </div>

	
  

	</header>
	<div id="specItemsContainer">
	
    
  

    
    
    

    <div class="content">
    
  
  <span></span>
  
  

  

      
        
	
  <div class="scenario-container failed">
    

	
  <div class="scenario-head">
    <h3 class="head borderBottom">Senaryo: Hepsiburada Login Test Otomasyon</h3>
    
    <span class="time">00:00:27</span>

	
  

	</div>
  
  

  
  

  
	

  
  
    
  
    <span></span>
  

  
    
  
    
  
  <div class="step">
  
  
    <h5 class="execution-time">
      <span class="time">Execution Time : 00:00:03</span>
    </h5>
  
  <div class="step-info passed">
  
  <ul>
    <li class="step">
      <div class="step-txt">


  
  

  
  

  
  
  
  
  
    
      <span>
        Giriş ekranına doğru git
      </span>
    
  
  </div>

  
    
    
  

    
    
  

  
  
  
  

  
  

  
	</li></ul></div></div>
  
    
  

  

  
    
  
    
  
  <div class="step">
  
  
    <h5 class="execution-time">
      <span class="time">Execution Time : 00:00:02</span>
    </h5>
  
  <div class="step-info passed">
  
  <ul>
    <li class="step">
      <div class="step-txt">


  
  

  
  

  
  
  
  
  
    
      <span>
        kullanıcı adı ve sifre ile giriş yapar
      </span>
    
  
  </div>

  
    
    
  

    
    
  

  
  
  
  

  
  

  
	</li></ul></div></div>
  
    
  

  

  
    
  
    
  
  <div class="step">
  
  
    <h5 class="execution-time">
      <span class="time">Execution Time : 00:00:20</span>
    </h5>
  
  <div class="step-info failed">
  
  <ul>
    <li class="step">
      <div class="step-txt">


  
  

  
  

  
  
  
  
  
    
      <span>
        Başarılı giriş mesajı kontrolü ( İsim ile Kontrol )
      </span>
    
  
  </div>

  
    
        
  <div class="error-container failed">
    <div class="exception-container">
      <div class="exception">
        <h4 class="error-message">
          <pre>org.openqa.selenium.TimeoutException: Expected condition failed: waiting for utils.Waits$$Lambda/0x0000024a24329b78@82aa8a1 (tried for 20 second(s) with 500 milliseconds interval)</pre>
        </h4>
        <pre class="stacktrace">org.openqa.selenium.TimeoutException: Expected condition failed: waiting for utils.Waits$$Lambda/0x0000024a24329b78@82aa8a1 (tried for 20 second(s) with 500 milliseconds interval)<br/>	at org.openqa.selenium.support.ui.FluentWait.timeoutException(FluentWait.java:265)<br/>	at org.openqa.selenium.support.ui.FluentWait.until(FluentWait.java:228)<br/>	at utils.Waits.untilPresent(Waits.java:31)<br/>	at pages.LoginPageTest.LoginPage.checkLoginSucces(LoginPage.java:51)<br/>	at java.base/jdk.internal.reflect.DirectMethodHandleAccessor.invoke(DirectMethodHandleAccessor.java:104)<br/>	at java.base/java.lang.reflect.Method.invoke(Method.java:565)<br/>	at com.thoughtworks.gauge.execution.MethodExecutor.execute(MethodExecutor.java:31)<br/>	at com.thoughtworks.gauge.execution.StepExecutionStage.executeStepMethod(StepExecutionStage.java:66)<br/>	at com.thoughtworks.gauge.execution.StepExecutionStage.executeStep(StepExecutionStage.java:59)<br/>	at com.thoughtworks.gauge.execution.StepExecutionStage.execute(StepExecutionStage.java:41)<br/>	at com.thoughtworks.gauge.execution.AbstractExecutionStage.executeNext(AbstractExecutionStage.java:14)<br/>	at com.thoughtworks.gauge.execution.HookExecutionStage.execute(HookExecutionStage.java:33)<br/>	at com.thoughtworks.gauge.execution.ExecutionPipeline.start(ExecutionPipeline.java:19)<br/>	at com.thoughtworks.gauge.processor.ExecuteStepProcessor.process(ExecuteStepProcessor.java:44)<br/>	at com.thoughtworks.gauge.RunnerServiceHandler.lambda$executeStep$7(RunnerServiceHandler.java:166)<br/>	at java.base/java.util.concurrent.ThreadPoolExecutor.runWorker(ThreadPoolExecutor.java:1095)<br/>	at java.base/java.util.concurrent.ThreadPoolExecutor$Worker.run(ThreadPoolExecutor.java:619)<br/>	at java.base/java.lang.Thread.run(Thread.java:1447)<br/>Caused by: org.openqa.selenium.NoSuchElementException: no such element: Unable to locate element: {&#34;method&#34;:&#34;css selector&#34;,&#34;selector&#34;:&#34;.login_succes_check_parameter&#34;}<br/>  (Session info: chrome=139.0.7258.139)<br/>For documentation on this error, please visit: https://www.selenium.dev/documentation/webdriver/troubleshooting/errors#no-such-element-exception<br/>Build info: version: &#39;4.20.0&#39;, revision: &#39;866c76ca80&#39;<br/>System info: os.name: &#39;Windows 11&#39;, os.arch: &#39;amd64&#39;, os.version: &#39;10.0&#39;, java.version: &#39;24.0.2&#39;<br/>Driver info: org.openqa.selenium.chrome.ChromeDriver<br/>Command: [e62853a8f8384966421d7b7ff1408c89, findElement {value=.login_succes_check_parameter, using=css selector}]<br/>Capabilities {acceptInsecureCerts: false, browserName: chrome, browserVersion: 139.0.7258.139, chrome: {chromedriverVersion: 139.0.7258.138 (884e54ea8d4..., userDataDir: C:\Users\alper\AppData\Loca...}, fedcm:accounts: true, goog:chromeOptions: {debuggerAddress: localhost:48620}, networkConnectionEnabled: false, pageLoadStrategy: normal, platformName: windows, proxy: Proxy(), se:cdp: ws://localhost:48620/devtoo..., se:cdpVersion: 139.0.7258.139, setWindowRect: true, strictFileInteractability: false, timeouts: {implicit: 0, pageLoad: 300000, script: 30000}, unhandledPromptBehavior: dismiss and notify, webauthn:extension:credBlob: true, webauthn:extension:largeBlob: true, webauthn:extension:minPinLength: true, webauthn:extension:prf: true, webauthn:virtualAuthenticators: true}<br/>Session ID: e62853a8f8384966421d7b7ff1408c89<br/>	at java.base/jdk.internal.reflect.DirectConstructorHandleAccessor.newInstance(DirectConstructorHandleAccessor.java:62)<br/>	at java.base/java.lang.reflect.Constructor.newInstanceWithCaller(Constructor.java:499)<br/>	at java.base/java.lang.reflect.Constructor.newInstance(Constructor.java:483)<br/>	at org.openqa.selenium.remote.ErrorCodec.decode(ErrorCodec.java:167)<br/>	at org.openqa.selenium.remote.codec.w3c.W3CHttpResponseCodec.decode(W3CHttpResponseCodec.java:138)<br/>	at org.openqa.selenium.remote.codec.w3c.W3CHttpResponseCodec.decode(W3CHttpResponseCodec.java:50)<br/>	at org.openqa.selenium.remote.HttpCommandExecutor.execute(HttpCommandExecutor.java:190)<br/>	at org.openqa.selenium.remote.service.DriverCommandExecutor.invokeExecute(DriverCommandExecutor.java:216)<br/>	at org.openqa.selenium.remote.service.DriverCommandExecutor.execute(DriverCommandExecutor.java:174)<br/>	at org.openqa.selenium.remote.RemoteWebDriver.execute(RemoteWebDriver.java:518)<br/>	at org.openqa.selenium.remote.ElementLocation$ElementFinder$2.findElement(ElementLocation.java:165)<br/>	at org.openqa.selenium.remote.ElementLocation.findElement(ElementLocation.java:59)<br/>	at org.openqa.selenium.remote.RemoteWebDriver.findElement(RemoteWebDriver.java:355)<br/>	at org.openqa.selenium.remote.RemoteWebDriver.findElement(RemoteWebDriver.java:349)<br/>	at utils.Waits.lambda$untilPresent$0(Waits.java:31)<br/>	at org.openqa.selenium.support.ui.FluentWait.until(FluentWait.java:203)<br/>	... 16 more<br/></pre>
      </div>
      
         <div class="screenshot-container">
          <div class="screenshot">
            <a href="../images/screenshot-ddfd929c-4b57-4adb-a666-7c15181bf313.png" rel="lightbox">
              <img src="../images/screenshot-ddfd929c-4b57-4adb-a666-7c15181bf313.png" class="screenshot-thumbnail" />
            </a>
          </div>
        </div>
      
    </div>
  </div>

    
    
  

    
    
  

  
  
  
  

  
  

  
	</li></ul></div></div>
  
    
  

  

  
  

  
  

  
  

  
	
	</div>

      

    </div>
    </div>

    
  

    
    
    
    </div>
  

		</div>
	

 	</div>
	</main>
	
  <footer class="footer">
    <div class="container">
      <p>Generated by Gauge HTML Report</p>
    </div>
  </footer>

	
    <script type="text/javascript">
      var loadingImage = "../images/loading.gif";
      var closeButton = "../images/close.gif";
    </script>
    <script src="../js/lightbox.js"></script>
    <script src="../js/jquery-3.1.0.min.js" type="text/javascript"></script>
    <script src="../js/auto-complete.min.js" type="text/javascript"></script>
    <script src="../js/clipboard.min.js" type="text/javascript"></script>
    <script src="../js/search_index.js" type="text/javascript"></script>
    <script src="../js/main.js" type="text/javascript"></script>
    </body>
  </html>

